<?xml version="1.0" encoding="UTF-8"?>
<!-- Generated by org.testng.reporters.JUnitReportReporter -->
<testsuite hostname="DESKTOP-9HCHN6F" failures="0" tests="1" name="com.demo.seleniump.firstproject.login.homepage.WeeklyStatusTest" time="12.453" errors="0" timestamp="2025-07-12T11:37:20 IST" skipped="0">
  <testcase classname="com.demo.seleniump.firstproject.login.homepage.WeeklyStatusTest" name="testPrintWeeklyStatusTable" time="12.453"/>
</testsuite> <!-- com.demo.seleniump.firstproject.login.homepage.WeeklyStatusTest -->
