<?xml version="1.0" encoding="UTF-8"?>
<!-- Generated by org.testng.reporters.JUnitReportReporter -->
<testsuite hostname="DESKTOP-9HCHN6F" failures="0" tests="2" name="com.demo.seleniump.firstproject.login.verifyLogin" time="25.803" errors="0" timestamp="2025-07-12T10:33:36 IST" skipped="0">
  <testcase classname="com.demo.seleniump.firstproject.login.verifyLogin" name="verifyOpenBrowser" time="12.307"/>
  <testcase classname="com.demo.seleniump.firstproject.login.verifyLogin" name="verifyOpenBrowser" time="13.496"/>
</testsuite> <!-- com.demo.seleniump.firstproject.login.verifyLogin -->
