<?xml version="1.0" encoding="UTF-8"?>
<!-- Generated by org.testng.reporters.JUnitReportReporter -->
<testsuite hostname="DESKTOP-9HCHN6F" failures="0" tests="1" name="com.demo.seleniump.firstproject.login.NewTest" time="0.018" errors="0" timestamp="2025-07-09T22:01:04 IST" skipped="0">
  <testcase classname="com.demo.seleniump.firstproject.login.NewTest" name="f" time="0.018"/>
</testsuite> <!-- com.demo.seleniump.firstproject.login.NewTest -->
