<?xml version="1.0" encoding="UTF-8"?>
<!-- Generated by org.testng.reporters.JUnitReportReporter -->
<testsuite hostname="DESKTOP-9HCHN6F" failures="0" tests="4" name="com.demo.seleniump.firstproject.login.verifyLoginWithExcel" time="47.096" errors="0" timestamp="2025-07-12T11:07:25 IST" skipped="0">
  <testcase classname="com.demo.seleniump.firstproject.login.verifyLoginWithExcel" name="loginTest" time="9.194"/>
  <testcase classname="com.demo.seleniump.firstproject.login.verifyLoginWithExcel" name="loginTest" time="11.652"/>
  <testcase classname="com.demo.seleniump.firstproject.login.verifyLoginWithExcel" name="loginTest" time="14.989"/>
  <testcase classname="com.demo.seleniump.firstproject.login.verifyLoginWithExcel" name="loginTest" time="11.261"/>
</testsuite> <!-- com.demo.seleniump.firstproject.login.verifyLoginWithExcel -->
